Arguments: 
  /Users/frakex/.nvm/versions/node/v16.17.1/bin/node /Users/frakex/.nvm/versions/node/v16.17.1/bin/yarn add @codemirror/autocompletion

PATH: 
  /Users/frakex/.nvm/versions/node/v16.17.1/bin:/Users/frakex/arcadia:/Users/frakex/Library/pnpm:/usr/local/bin:/usr/bin:/bin:/usr/sbin:/sbin:/usr/local/munki:/Users/frakex/arcadia:/Users/frakex/Library/pnpm:/Applications/Visual Studio Code.app/Contents/Resources/app/bin:/Applications/Visual Studio Code.app/Contents/Resources/app/bin

Yarn version: 
  1.22.19

Node version: 
  16.17.1

Platform: 
  darwin x64

Trace: 
  Error: https://registry.yarnpkg.com/@codemirror%2fautocompletion: Not found
      at Request.params.callback [as _callback] (/Users/frakex/.nvm/versions/node/v16.17.1/lib/node_modules/yarn/lib/cli.js:66145:18)
      at Request.self.callback (/Users/frakex/.nvm/versions/node/v16.17.1/lib/node_modules/yarn/lib/cli.js:140890:22)
      at Request.emit (node:events:513:28)
      at Request.<anonymous> (/Users/frakex/.nvm/versions/node/v16.17.1/lib/node_modules/yarn/lib/cli.js:141862:10)
      at Request.emit (node:events:513:28)
      at IncomingMessage.<anonymous> (/Users/frakex/.nvm/versions/node/v16.17.1/lib/node_modules/yarn/lib/cli.js:141784:12)
      at Object.onceWrapper (node:events:627:28)
      at IncomingMessage.emit (node:events:525:35)
      at endReadableNT (node:internal/streams/readable:1358:12)
      at processTicksAndRejections (node:internal/process/task_queues:83:21)

npm manifest: 
  {
    "name": "codemirror-languageserver",
    "version": "1.0.0",
    "description": "Codemirror integration with language servers",
    "main": "./lib/index.js",
    "scripts": {
      "clean": "npx shx rm -fr lib dist tsconfig.tsbuildinfo",
      "lint": "eslint src --ext .ts",
      "compile": "tsc",
      "watch": "tsc -w",
      "build:msg": "echo Building codemirror-languageserver:",
      "build": "npm run build:msg && npm run clean && npm run compile"
    },
    "author": "Yandex.Practicum",
    "license": "ISC",
    "devDependencies": {
      "typescript": "^4.8.4"
    },
    "dependencies": {
      "@codemirror/view": "^6.3.0",
      "vscode-languageserver-protocol": "^3.17.2"
    }
  }

yarn manifest: 
  No manifest

Lockfile: 
  # THIS IS AN AUTOGENERATED FILE. DO NOT EDIT THIS FILE DIRECTLY.
  # yarn lockfile v1
  
  
  "@codemirror/state@^6.0.0":
    version "6.1.2"
    resolved "https://registry.yarnpkg.com/@codemirror/state/-/state-6.1.2.tgz#182d46eabcc17c95508984d6add5a5a641dcd517"
    integrity sha512-Mxff85Hp5va+zuj+H748KbubXjrinX/k28lj43H14T2D0+4kuvEFIEIO7hCEcvBT8ubZyIelt9yGOjj2MWOEQA==
  
  "@codemirror/view@^6.3.0":
    version "6.3.0"
    resolved "https://registry.yarnpkg.com/@codemirror/view/-/view-6.3.0.tgz#715c97d64e7e20c9674782e7101ab7aefef8e23d"
    integrity sha512-jMN9OGKmzRPJ+kksfMrB5e/A9heQncirHsz8XNBpgEbYONCk5tWHMKVWKTNwznkUGD5mnigXI1i5YIcWpscSPg==
    dependencies:
      "@codemirror/state" "^6.0.0"
      style-mod "^4.0.0"
      w3c-keyname "^2.2.4"
  
  style-mod@^4.0.0:
    version "4.0.0"
    resolved "https://registry.yarnpkg.com/style-mod/-/style-mod-4.0.0.tgz#97e7c2d68b592975f2ca7a63d0dd6fcacfe35a01"
    integrity sha512-OPhtyEjyyN9x3nhPsu76f52yUGXiZcgvsrFVtvTkyGRQJ0XK+GPc6ov1z+lRpbeabka+MYEQxOYRnt5nF30aMw==
  
  typescript@^4.8.4:
    version "4.8.4"
    resolved "https://registry.yarnpkg.com/typescript/-/typescript-4.8.4.tgz#c464abca159669597be5f96b8943500b238e60e6"
    integrity sha512-QCh+85mCy+h0IGff8r5XWzOVSbBO+KfeYrMQh7NJ58QujwcE22u+NUSmUxqF+un70P9GXKxa2HCNiTTMJknyjQ==
  
  vscode-jsonrpc@8.0.2:
    version "8.0.2"
    resolved "https://registry.yarnpkg.com/vscode-jsonrpc/-/vscode-jsonrpc-8.0.2.tgz#f239ed2cd6004021b6550af9fd9d3e47eee3cac9"
    integrity sha512-RY7HwI/ydoC1Wwg4gJ3y6LpU9FJRZAUnTYMXthqhFXXu77ErDd/xkREpGuk4MyYkk4a+XDWAMqe0S3KkelYQEQ==
  
  vscode-languageserver-protocol@^3.17.2:
    version "3.17.2"
    resolved "https://registry.yarnpkg.com/vscode-languageserver-protocol/-/vscode-languageserver-protocol-3.17.2.tgz#beaa46aea06ed061576586c5e11368a9afc1d378"
    integrity sha512-8kYisQ3z/SQ2kyjlNeQxbkkTNmVFoQCqkmGrzLH6A9ecPlgTbp3wDTnUNqaUxYr4vlAcloxx8zwy7G5WdguYNg==
    dependencies:
      vscode-jsonrpc "8.0.2"
      vscode-languageserver-types "3.17.2"
  
  vscode-languageserver-types@3.17.2:
    version "3.17.2"
    resolved "https://registry.yarnpkg.com/vscode-languageserver-types/-/vscode-languageserver-types-3.17.2.tgz#b2c2e7de405ad3d73a883e91989b850170ffc4f2"
    integrity sha512-zHhCWatviizPIq9B7Vh9uvrH6x3sK8itC84HkamnBWoDFJtzBf7SWlpLCZUit72b3os45h6RWQNC9xHRDF8dRA==
  
  w3c-keyname@^2.2.4:
    version "2.2.6"
    resolved "https://registry.yarnpkg.com/w3c-keyname/-/w3c-keyname-2.2.6.tgz#8412046116bc16c5d73d4e612053ea10a189c85f"
    integrity sha512-f+fciywl1SJEniZHD6H+kUO8gOnwIr7f4ijKA6+ZvJFjeGi1r4PDLl53Ayud9O/rk64RqgoQine0feoeOU0kXg==
